{"name": "test_quiz_ui", "status": "failed", "statusDetails": {"message": "AssertionError: \u001b[31mFAILURE: \u001b[0mcheck bool(False): Failed to navigate to home page\n\u001b[31m..\\..\\Quiz app(testing) - Copy\\tests\\test_quiz.py\u001b[0m:34 in test_quiz_ui() -> \n\n------------------------------------------------------------\nFailed Checks: 1", "trace": "\u001b[31mFAILURE: \u001b[0mcheck bool(False): Failed to navigate to home page\n\u001b[31m..\\..\\Quiz app(testing) - Copy\\tests\\test_quiz.py\u001b[0m:34 in test_quiz_ui() -> \n\n------------------------------------------------------------\nFailed Checks: 1"}, "start": 1752811463776, "stop": 1752811476057, "uuid": "ba1bfe0c-fb25-40d2-9d9f-76ecacd46e7a", "historyId": "bf69624a722bd7320f692cffbefd7fd7", "testCaseId": "bf69624a722bd7320f692cffbefd7fd7", "fullName": "tests.test_quiz.TestQuiz#test_quiz_ui", "labels": [{"name": "parentSuite", "value": "tests"}, {"name": "suite", "value": "test_quiz"}, {"name": "subSuite", "value": "TestQuiz"}, {"name": "host", "value": "Hemesh"}, {"name": "thread", "value": "13624-MainThread"}, {"name": "framework", "value": "pytest"}, {"name": "language", "value": "cpython3"}, {"name": "package", "value": "tests.test_quiz"}]}