{"name": "test_quiz_ui", "status": "failed", "statusDetails": {"message": "AssertionError: \u001b[31mFAILURE: \u001b[0mcheck bool(False): Failed to navigate to home page\n\u001b[31m..\\..\\Quiz app(testing) - Copy\\tests\\test_quiz.py\u001b[0m:34 in test_quiz_ui() -> \n\n------------------------------------------------------------\nFailed Checks: 1", "trace": "\u001b[31mFAILURE: \u001b[0mcheck bool(False): Failed to navigate to home page\n\u001b[31m..\\..\\Quiz app(testing) - Copy\\tests\\test_quiz.py\u001b[0m:34 in test_quiz_ui() -> \n\n------------------------------------------------------------\nFailed Checks: 1"}, "start": 1752761822303, "stop": 1752761834905, "uuid": "21cb8225-fed2-4ee0-a346-4b03a906e074", "historyId": "bf69624a722bd7320f692cffbefd7fd7", "testCaseId": "bf69624a722bd7320f692cffbefd7fd7", "fullName": "tests.test_quiz.TestQuiz#test_quiz_ui", "labels": [{"name": "parentSuite", "value": "tests"}, {"name": "suite", "value": "test_quiz"}, {"name": "subSuite", "value": "TestQuiz"}, {"name": "host", "value": "Hemesh"}, {"name": "thread", "value": "6576-MainThread"}, {"name": "framework", "value": "pytest"}, {"name": "language", "value": "cpython3"}, {"name": "package", "value": "tests.test_quiz"}]}