{"uid":"15c39fa4eff646b9","name":"test_quiz_ui","fullName":"tests.test_quiz.TestQuiz#test_quiz_ui","historyId":"bf69624a722bd7320f692cffbefd7fd7","time":{"start":1753810597481,"stop":1753810609728,"duration":12247},"status":"failed","statusMessage":"AssertionError: \u001B[31mFAILURE: \u001B[0mcheck bool(False): Failed to navigate to home page\n\u001B[31m..\\..\\Quiz app(testing) - Copy\\tests\\test_quiz.py\u001B[0m:34 in test_quiz_ui() -> \n\n------------------------------------------------------------\nFailed Checks: 1","statusTrace":"\u001B[31mFAILURE: \u001B[0mcheck bool(False): Failed to navigate to home page\n\u001B[31m..\\..\\Quiz app(testing) - Copy\\tests\\test_quiz.py\u001B[0m:34 in test_quiz_ui() -> \n\n------------------------------------------------------------\nFailed Checks: 1","flaky":false,"newFailed":false,"newBroken":false,"newPassed":false,"retriesCount":2,"retriesStatusChange":false,"beforeStages":[{"name":"driver","time":{"start":1753810595301,"stop":1753810597481,"duration":2180},"status":"passed","steps":[],"attachments":[],"parameters":[],"attachmentsCount":0,"shouldDisplayMessage":false,"hasContent":false,"stepsCount":0,"attachmentStep":false}],"afterStages":[{"name":"driver::0","time":{"start":1753810609730,"stop":1753810612202,"duration":2472},"status":"passed","steps":[],"attachments":[],"parameters":[],"attachmentsCount":0,"shouldDisplayMessage":false,"hasContent":false,"stepsCount":0,"attachmentStep":false}],"labels":[{"name":"parentSuite","value":"tests"},{"name":"suite","value":"test_quiz"},{"name":"subSuite","value":"TestQuiz"},{"name":"host","value":"Hemesh"},{"name":"thread","value":"2388-MainThread"},{"name":"framework","value":"pytest"},{"name":"language","value":"cpython3"},{"name":"package","value":"tests.test_quiz"},{"name":"resultFormat","value":"allure2"}],"parameters":[],"links":[],"hidden":false,"retry":false,"extra":{"severity":"normal","retries":[{"uid":"73a3ba522f4a3a57","status":"failed","statusDetails":"AssertionError: \u001B[31mFAILURE: \u001B[0mcheck bool(False): Failed to navigate to home page\n\u001B[31m..\\..\\Quiz app(testing) - Copy\\tests\\test_quiz.py\u001B[0m:34 in test_quiz_ui() -> \n\n------------------------------------------------------------\nFailed Checks: 1","time":{"start":1752811463776,"stop":1752811476057,"duration":12281}},{"uid":"3868550a70e45020","status":"failed","statusDetails":"AssertionError: \u001B[31mFAILURE: \u001B[0mcheck bool(False): Failed to navigate to home page\n\u001B[31m..\\..\\Quiz app(testing) - Copy\\tests\\test_quiz.py\u001B[0m:34 in test_quiz_ui() -> \n\n------------------------------------------------------------\nFailed Checks: 1","time":{"start":1752761822303,"stop":1752761834905,"duration":12602}}],"categories":[{"name":"Product defects","matchedStatuses":[]}],"tags":[]},"source":"15c39fa4eff646b9.json","parameterValues":[]}